<?xml version="1.0" encoding="UTF-8"?>
<!-- Generated by org.testng.reporters.JUnitReportReporter -->
<testsuite hostname="BDC6-DX-6G9FNK2" name="seldemos1.cs1" tests="1" failures="0" timestamp="15 Nov 2019 10:54:58 GMT" time="13.006" errors="0">
  <testcase name="testLogin" time="13.006" classname="seldemos1.cs1"/>
</testsuite> <!-- seldemos1.cs1 -->
