<?xml version="1.0" encoding="UTF-8"?>
<!-- Generated by org.testng.reporters.JUnitReportReporter -->
<testsuite hostname="BDC6-DX-6G9FNK2" name="org.testng.NewTest" tests="3" failures="0" timestamp="14 Nov 2019 10:54:43 GMT" time="3.454" errors="0">
  <testcase name="testLogin" time="2.305" classname="org.testng.NewTest"/>
  <testcase name="testLogin" time="0.566" classname="org.testng.NewTest"/>
  <testcase name="testLogin" time="0.583" classname="org.testng.NewTest"/>
</testsuite> <!-- org.testng.NewTest -->
