<?xml version="1.0" encoding="UTF-8"?>
<!-- Generated by org.testng.reporters.JUnitReportReporter -->
<testsuite hostname="BDC6-DX-6G9FNK2" name="seldemos1.ExcelDemo" tests="1" failures="0" timestamp="18 Nov 2019 06:42:45 GMT" time="1.704" errors="0">
  <testcase name="testExcel" time="1.704" classname="seldemos1.ExcelDemo"/>
</testsuite> <!-- seldemos1.ExcelDemo -->
