<?xml version="1.0" encoding="UTF-8"?>
<!-- Generated by org.testng.reporters.JUnitReportReporter -->
<testsuite hostname="BDC6-DX-6G9FNK2" name="seldemos1.online" tests="1" failures="0" timestamp="18 Nov 2019 10:40:26 GMT" time="4.802" errors="0">
  <testcase name="login" time="4.802" classname="seldemos1.online"/>
</testsuite> <!-- seldemos1.online -->
