<?xml version="1.0" encoding="UTF-8"?>
<!-- Generated by org.testng.reporters.JUnitReportReporter -->
<testsuite hostname="BDC6-DX-6G9FNK2" name="seldemos1.COMPLEX" tests="2" failures="0" timestamp="14 Nov 2019 05:12:19 GMT" time="1.644" errors="0">
  <testcase name="f" time="0.004" classname="seldemos1.COMPLEX"/>
  <testcase name="testAboutUs" time="1.640" classname="seldemos1.COMPLEX"/>
</testsuite> <!-- seldemos1.COMPLEX -->
