<?xml version="1.0" encoding="UTF-8"?>
<!-- Generated by org.testng.reporters.JUnitReportReporter -->
<testsuite hostname="BDC6-DX-6G9FNK2" name="seldemos1.morecom" tests="1" failures="0" timestamp="15 Nov 2019 07:10:08 GMT" time="7.036" errors="0">
  <testcase name="testFindDetails" time="7.036" classname="seldemos1.morecom"/>
</testsuite> <!-- seldemos1.morecom -->
